<?xml version="1.0" encoding="UTF-8"?>
<!-- Generated by org.testng.reporters.JUnitReportReporter -->
<testsuite skipped="0" hostname="acer-PC" name="testcases.DELETEservicetest" tests="1" failures="0" timestamp="03 Oct 2018 18:17:56 GMT" time="3.333" errors="0">
  <testcase name="deleteTest" time="3.333" classname="testcases.DELETEservicetest"/>
</testsuite> <!-- testcases.DELETEservicetest -->
