<?xml version="1.0" encoding="UTF-8"?>
<!-- Generated by org.testng.reporters.JUnitReportReporter -->
<testsuite skipped="0" hostname="acer-PC" name="testcases.GETservicetest" tests="2" failures="0" timestamp="29 Sep 2018 15:54:02 GMT" time="7.357" errors="0">
  <testcase name="testGETwithHeaderAddition" time="0.633" classname="testcases.GETservicetest"/>
  <testcase name="testGETapi" time="6.724" classname="testcases.GETservicetest"/>
</testsuite> <!-- testcases.GETservicetest -->
