<?xml version="1.0" encoding="UTF-8"?>
<!-- Generated by org.testng.reporters.JUnitReportReporter -->
<testsuite skipped="0" hostname="acer-PC" name="testcases.PUTservicetest" tests="1" failures="0" timestamp="03 Oct 2018 18:06:12 GMT" time="2.397" errors="0">
  <testcase name="testPutServices" time="2.397" classname="testcases.PUTservicetest"/>
</testsuite> <!-- testcases.PUTservicetest -->
