<?xml version="1.0" encoding="UTF-8"?>
<!-- Generated by org.testng.reporters.JUnitReportReporter -->
<testsuite skipped="0" hostname="acer-PC" name="testcases.GETservicetest" tests="2" failures="0" timestamp="02 Oct 2018 14:29:59 GMT" time="2.367" errors="0">
  <testcase name="testGETapi" time="1.849" classname="testcases.GETservicetest"/>
  <testcase name="testGETwithHeaderAddition" time="0.518" classname="testcases.GETservicetest"/>
</testsuite> <!-- testcases.GETservicetest -->
