<?xml version="1.0" encoding="UTF-8"?>
<!-- Generated by org.testng.reporters.JUnitReportReporter -->
<testsuite skipped="0" hostname="acer-PC" name="testcases.POSTservicetest" tests="1" failures="0" timestamp="03 Oct 2018 18:01:34 GMT" time="2.721" errors="0">
  <testcase name="testPostServices" time="2.721" classname="testcases.POSTservicetest"/>
</testsuite> <!-- testcases.POSTservicetest -->
