<?xml version="1.0" encoding="UTF-8"?>
<!-- Generated by org.testng.reporters.JUnitReportReporter -->
<testsuite skipped="0" hostname="acer-PC" name="testcases.GETservicetest" tests="2" failures="0" timestamp="29 Sep 2018 16:36:31 GMT" time="8.242" errors="0">
  <testcase name="testGETwithHeaderAddition" time="1.656" classname="testcases.GETservicetest"/>
  <testcase name="testGETapi" time="6.586" classname="testcases.GETservicetest"/>
</testsuite> <!-- testcases.GETservicetest -->
